#AUDIOSCROBBLER/1.1
#TZ/UNKNOWN
#CLIENT/Rockbox ipodvideo $Revision$
JPEGMAFIA	Black Ben Carson	Drake Era	1	237	S	1605758450	
JPEGMAFIA	Black Ben Carson	JPEGMAFIA ALL CAPS NO SPACES	2	246	S	1605758450	
JPEGMAFIA	Black Ben Carson	Digital Blackface	3	223	S	1605758454	
JPEGMAFIA	Black Ben Carson	JPEGMAFIA ALL CAPS NO SPACES	2	246	L	1605758456	
JPEGMAFIA	Black Ben Carson	Digital Blackface	3	223	L	1605758702	
JPEGMAFIA	Black Ben Carson	Cuckold	4	190	L	1605758926	
JPEGMAFIA	Black Ben Carson	I Smell Crack	5	143	L	1605759116	
JPEGMAFIA	Black Ben Carson	You Think You Know	6	203	L	1605759260	
JPEGMAFIA	Black Ben Carson	Motor Mouth	7	315	L	1605759463	
JPEGMAFIA	Black Ben Carson	Black Ben Carson	8	238	L	1605759778	
JPEGMAFIA	Black Ben Carson	Black Steve Austin	9	138	L	1605760017	
JPEGMAFIA	Black Ben Carson	Black Stacey Dash	10	172	L	1605760155	
JPEGMAFIA	Black Ben Carson	What's Crackin' Pt. 1 & 2	11	304	L	1605760327	
JPEGMAFIA	Black Ben Carson	I Just Killed A Cop Now I'm Horny	12	353	L	1605760632	
JPEGMAFIA	Black Ben Carson	Plastic (Feat. Peanut Butta Thug)	13	187	L	1605760985	
JPEGMAFIA	Black Ben Carson	Boi (Feat. Butch Dawson)	14	273	L	1605761172	
JPEGMAFIA	Black Ben Carson	Flex The Connect	15	222	L	1605761446	
JPEGMAFIA	Black Ben Carson	The 27 Club	16	313	L	1605761669	
JPEGMAFIA	Black Ben Carson	LL Cool J	17	209	L	1605761983	
JPEGMAFIA	Black Ben Carson	Face Down Ass Up (Feat. Bito Sureiya & Kente of Nasa8 & Freaky)	18	326	S	1605762192	
JPEGMAFIA	Black Ben Carson	Face Down Ass Up (Feat. Bito Sureiya & Kente of Nasa8 & Freaky)	18	326	S	1605762261	
Long Arm	Silent Opera	Sprouts Of The Big Forest	3	314	S	1605762281	
PDP	Floating Dream // VINYL IMPORT [LIMITED!]	Hush	1	48	L	1605855232	
PDP	Floating Dream // VINYL IMPORT [LIMITED!]	Goodbye For Now	2	113	L	1605855368	
PDP	Floating Dream // VINYL IMPORT [LIMITED!]	Floating Dream	3	138	L	1605855435	
PDP	Floating Dream // VINYL IMPORT [LIMITED!]	Journey Part II (Nujabes Tribute)	4	198	L	1605855583	
PDP	Floating Dream // VINYL IMPORT [LIMITED!]	Never Sleep	5	145	L	1605855786	
PDP	Floating Dream // VINYL IMPORT [LIMITED!]	Not Far	6	188	L	1605855931	
PDP	Floating Dream // VINYL IMPORT [LIMITED!]	Chinese Tale	7	156	L	1605856119	
PDP	Floating Dream // VINYL IMPORT [LIMITED!]	Coming Home	8	206	L	1605856276	
PDP	Floating Dream // VINYL IMPORT [LIMITED!]	Missing You	9	200	L	1605856482	
PDP	Floating Dream // VINYL IMPORT [LIMITED!]	Still Remember	10	145	L	1605856682	
PDP	Floating Dream // VINYL IMPORT [LIMITED!]	Classic	11	115	L	1605856830	
PDP	Floating Dream // VINYL IMPORT [LIMITED!]	Red Ocean	12	203	L	1605856962	
Iglooghost	Clear Tamei	Påleo Mamu	1	38	L	1605858515	
Iglooghost	Clear Tamei	New Vectors	2	212	L	1605858555	
Iglooghost	Clear Tamei	Clear Tamei	3	262	L	1605858767	
Iglooghost	Clear Tamei	Namā	4	244	L	1605859029	
Iglooghost, Babii	Clear Tamei	Shrine Hacker	5	464	L	1605859274	
If These Trees Could Talk	Red Forest	Breath of Life	1	108	L	1605860159	
If These Trees Could Talk	Red Forest	The First Fire	2	390	L	1605860270	
If These Trees Could Talk	Red Forest	Barren Lands of the Modern Dinosaur	3	357	L	1605860660	
If These Trees Could Talk	Red Forest	They Speak With Knives	4	340	L	1605861018	
If These Trees Could Talk	Red Forest	The Gift of Two Rivers	5	71	L	1605861358	
If These Trees Could Talk	Red Forest	Red Forest	6	505	L	1605861430	
If These Trees Could Talk	Red Forest	Aleutian Clouds	7	183	L	1605861936	
If These Trees Could Talk	Red Forest	Left to Rust and Rot	8	324	L	1605862119	
If These Trees Could Talk	Red Forest	When the Big Hand Buries the Twelve	9	578	L	1605862444	
NxxxxxS	FRIENDZONE (rejects)	MOONFLOWER	1	193	S	1605885059	
NxxxxxS	FRIENDZONE (rejects)	MOONFLOWER	1	193	S	1605885158	
NxxxxxS	FRIENDZONE (rejects)	MOONFLOWER	1	193	S	1605885183	
NxxxxxS	FRIENDZONE (rejects)	MOONFLOWER	1	193	S	1605885197	
NxxxxxS	FRIENDZONE (rejects)	MOONFLOWER	1	193	S	1605885210	
NxxxxxS	FRIENDZONE (rejects)	MOONFLOWER	1	193	S	1605885210	
NxxxxxS	FRIENDZONE (rejects)	MOONFLOWER	1	193	S	1605885238	
NxxxxxS	FRIENDZONE (rejects)	MOONFLOWER	1	193	S	1605885246	
Snail's House	ujbeats vol.1	bloom	1	159	S	1605885329	
NxxxxxS	Fujita Scale - Vinyl Reissue	Fujita Scale	1	282	S	1605957070	
NxxxxxS	Fujita Scale - Vinyl Reissue	Extratropical Cyclone	2	306	L	1605957183	
Big Thief	Two Hands	Rock and Sing	1	122	L	1605957479	
Big Thief	Two Hands	Forgotten Eyes	2	211	L	1605957604	
Big Thief	Two Hands	The Toy	3	256	L	1605957816	
Big Thief	Two Hands	Two Hands	4	232	L	1605958072	
Big Thief	Two Hands	Those Girls	5	187	L	1605958304	
Big Thief	Two Hands	Shoulders	6	193	L	1605958492	
Big Thief	Two Hands	Not	7	367	L	1605958684	
Big Thief	Two Hands	Wolf	8	282	L	1605959052	
Big Thief	Two Hands	Replaced	9	294	L	1605959334	
Big Thief	Two Hands	Cut My Hair	10	203	L	1605959628	
THØTCRIME	ønyøurcømputer	I Am A Full-Service Gas Station, Please Fill Me Up	4	84	L	1605988118	
Snail's House	ujbeats vol.1	amayadori	3	192	L	1606132803	
Snail's House	ujbeats vol.1	mal d'amour (ujbeats mix)	4	150	L	1606132998	
Snail's House	ujbeats vol.1	ramune (ujbeats mix)	5	196	S	1606133148	
Long Arm	Silent Opera	Sprouts Of The Big Forest	3	314	S	1606133161	
Long Arm	Silent Opera	How I Loved That	1	223	S	1606133165	
Long Arm	Silent Opera	Silent Opera	2	303	L	1606133169	
Long Arm	Silent Opera	Sprouts Of The Big Forest	3	314	L	1606133477	
Long Arm	Silent Opera	Wait For A Wonder!	4	234	L	1606133791	
Long Arm	Silent Opera	Time Waits For No One	5	290	L	1606134026	
Long Arm	Silent Opera	He's Afraid To Eat	6	407	L	1606134317	
Long Arm	Silent Opera	Falling Piano / Fly Alone	7	327	L	1606134725	
Long Arm	Silent Opera	Unlearned Lesson	8	434	L	1606135052	
If These Trees Could Talk	Red Forest	Aleutian Clouds	7	183	L	1607682696	
JPEGMAFIA	All My Heroes Are Cornballs	All My Heroes Are Cornballs	8	203	L	1607683038	
JPEGMAFIA	Veteran	Baby I'm Bleeding	5	152	L	1607683242	
LSD and the Search for God	LSD and the Search for God	Backwards	3	258	L	1607683394	
If These Trees Could Talk	Red Forest	Barren Lands of the Modern Dinosaur	3	357	L	1607683653	
JPEGMAFIA	All My Heroes Are Cornballs	BasicBitchTearGas	15	76	L	1607684011	
JPEGMAFIA	All My Heroes Are Cornballs	BBW	9	96	L	1607684087	
JPEGMAFIA	All My Heroes Are Cornballs	Beta Male Strategies	3	198	L	1607684183	
JPEGMAFIA	Black Ben Carson	Black Ben Carson	8	238	L	1607684381	
JPEGMAFIA	Black Ben Carson	Black Stacey Dash	10	172	L	1607684620	
JPEGMAFIA	Black Ben Carson	Black Steve Austin	9	138	L	1607684792	
JPEGMAFIA	Black Ben Carson	Boi (Feat. Butch Dawson)	14	273	L	1607684931	
If These Trees Could Talk	Red Forest	Breath of Life	1	108	L	1607685205	
JPEGMAFIA	All My Heroes Are Cornballs	BUTTERMILK JESUS TYPE BEAT	17	69	L	1607685312	
PDP	Floating Dream // VINYL IMPORT [LIMITED!]	Chinese Tale	7	156	L	1607685382	
PDP	Floating Dream // VINYL IMPORT [LIMITED!]	Classic	11	115	L	1607685538	
Iglooghost	Clear Tamei	Clear Tamei	3	262	L	1607685653	
PDP	Floating Dream // VINYL IMPORT [LIMITED!]	Coming Home	8	206	L	1607685915	
JPEGMAFIA	Black Ben Carson	Cuckold	4	190	L	1607686122	
JPEGMAFIA	Veteran	Curb Stomp	19	135	L	1607686312	
Big Thief	Two Hands	Cut My Hair	10	203	L	1607686447	
JPEGMAFIA	Veteran	Dayum	4	85	L	1607686651	
JPEGMAFIA	Veteran	DD Form 214 (feat. Bobbi Rush)	8	195	L	1607686736	
JPEGMAFIA	Black Ben Carson	Digital Blackface	3	223	L	1607686931	
JPEGMAFIA	Veteran	DJ Snitch Bitch Interlude	12	83	L	1607687154	
JPEGMAFIA	All My Heroes Are Cornballs	DOTS FREESTYLE REMIX (feat. Buzzy Lee & Abdu Ali)	16	127	L	1607687238	
JPEGMAFIA	Black Ben Carson	Drake Era	1	237	L	1607687365	
JPEGMAFIA	Black Ben Carson	Face Down Ass Up (Feat. Bito Sureiya & Kente of Nasa8 & Freaky)	18	326	L	1607687603	
Long Arm	Silent Opera	Falling Piano / Fly Alone	7	327	L	1607687929	
Kali Malone	The Sacrificial Code	Fifth Worship II	3	471	L	1607688257	
JPEGMAFIA	Black Ben Carson	Flex The Connect	15	222	L	1607688729	
PDP	Floating Dream // VINYL IMPORT [LIMITED!]	Floating Dream	3	138	L	1607688951	
Big Thief	Two Hands	Forgotten Eyes	2	211	L	1607689090	
JPEGMAFIA	All My Heroes Are Cornballs	Free The Frail (feat. Helena Deland)	13	210	L	1607689301	
JPEGMAFIA	Veteran	Germs	9	161	L	1607689512	
Kali Malone	The Sacrificial Code	Glory Canon III	4	1404	L	1607689673	
PDP	Floating Dream // VINYL IMPORT [LIMITED!]	Goodbye For Now	2	113	L	1607691078	
JPEGMAFIA	All My Heroes Are Cornballs	Grimy Waifu	5	175	L	1607691191	
Kali Malone	The Sacrificial Code	Hagakyrka Bells	1	68	L	1607691367	
Long Arm	Silent Opera	He's Afraid To Eat	6	407	L	1607691436	
Long Arm	Silent Opera	How I Loved That	1	223	L	1607691843	
PDP	Floating Dream // VINYL IMPORT [LIMITED!]	Hush	1	48	L	1607692067	
JPEGMAFIA	Veteran	I Cannot Fucking Wait Until Morrissey Dies	16	86	L	1607692115	
LSD and the Search for God	LSD and the Search for God	I Don't Care	2	242	L	1607692201	
JPEGMAFIA	Black Ben Carson	I Just Killed A Cop Now I'm Horny	12	353	L	1607692443	
JPEGMAFIA	Black Ben Carson	I Smell Crack	5	143	L	1607692797	
JPEGMAFIA	Black Ben Carson	Jerrys	20	155	L	1607692940	
JPEGMAFIA	All My Heroes Are Cornballs	Jesus Forgive Me, I Am A Thot	1	156	L	1607693096	
PDP	Floating Dream // VINYL IMPORT [LIMITED!]	Journey Part II (Nujabes Tribute)	4	198	L	1607693252	
JPEGMAFIA	Black Ben Carson	JPEGMAFIA ALL CAPS NO SPACES	2	246	L	1607693451	
JPEGMAFIA	All My Heroes Are Cornballs	JPEGMAFIA TYPE BEAT	4	54	L	1607693697	
JPEGMAFIA	All My Heroes Are Cornballs	Kenan Vs. Kel	2	181	L	1607693752	
If These Trees Could Talk	Red Forest	Left to Rust and Rot	8	324	L	1607693934	
JPEGMAFIA	Veteran	Libtard Anthem (feat. Freaky)	10	80	L	1607694258	
JPEGMAFIA	All My Heroes Are Cornballs	Lifes Hard, Here's A Song About Sorrel	11	61	L	1607694338	
Kali Malone	The Sacrificial Code	Litanic Cloth Wrung	2	805	L	1607694400	
JPEGMAFIA	Black Ben Carson	LL Cool J	17	209	L	1607695205	
JPEGMAFIA	Veteran	Macaulay Culkin	14	117	L	1607695415	
PDP	Floating Dream // VINYL IMPORT [LIMITED!]	Missing You	9	200	L	1607695533	
JPEGMAFIA	Black Ben Carson	Motor Mouth	7	315	L	1607695733	
JPEGMAFIA	Veteran	My Thoughts on Neogaf Dying (radio edit)	6	93	L	1607696049	
Iglooghost	Clear Tamei	Namā	4	244	L	1607696142	
PDP	Floating Dream // VINYL IMPORT [LIMITED!]	Never Sleep	5	145	L	1607696387	
Iglooghost	Clear Tamei	New Vectors	2	212	L	1607696532	
Big Thief	Two Hands	Not	7	367	L	1607696744	
PDP	Floating Dream // VINYL IMPORT [LIMITED!]	Not Far	6	188	L	1607697111	
JPEGMAFIA	All My Heroes Are Cornballs	Papi I Missed U	18	242	L	1607697299	
Green-House	Six Songs for Invisible Gardens	Parlor Palm	3	335	L	1607697542	
Green-House	Six Songs for Invisible Gardens	Peperomia Seedling	1	223	L	1607697877	
Green-House	Six Songs for Invisible Gardens	Perennial Bloom	4	163	L	1607698100	
JPEGMAFIA	Black Ben Carson	Plastic (Feat. Peanut Butta Thug)	13	187	L	1607698263	
JPEGMAFIA	All My Heroes Are Cornballs	Post Verified Lifestyle	14	215	L	1607698450	
tricot	真っ黒 (Makkuro)	Potage [bonus track]	14	244	L	1607698665	
Kali Malone	The Sacrificial Code	Prelude	2	683	L	1607698910	
JPEGMAFIA	All My Heroes Are Cornballs	PRONE!	10	162	L	1607699593	
JPEGMAFIA	All My Heroes Are Cornballs	PTSD	6	148	L	1607699755	
Iglooghost	Clear Tamei	Påleo Mamu	1	38	L	1607699904	
JPEGMAFIA	Veteran	Rainbow Six (feat. Yung Midpack)	17	282	L	1607699942	
JPEGMAFIA	All My Heroes Are Cornballs	Rap Grow Old & Die x No Child Left Behind	7	167	L	1607700225	
JPEGMAFIA	Veteran	Real Nega	2	150	L	1607700393	
If These Trees Could Talk	Red Forest	Red Forest	6	505	L	1607700544	
PDP	Floating Dream // VINYL IMPORT [LIMITED!]	Red Ocean	12	203	L	1607701049	
Big Thief	Two Hands	Replaced	9	294	L	1607701253	
Big Thief	Two Hands	Rock and Sing	1	122	L	1607701547	
JPEGMAFIA	Veteran	Rock N Roll Is Dead	7	188	L	1607701670	
Kali Malone	The Sacrificial Code	Rose Wreath Crown (for C.W.)	3	627	L	1607701858	
Kali Malone	The Sacrificial Code	Sacer Profanare	1	528	L	1607702485	
Kali Malone	The Sacrificial Code	Sacrifical Code	3	802	L	1607703014	
Kali Malone	The Sacrificial Code	Sacrificial Code	2	329	L	1607703817	
Green-House	Six Songs for Invisible Gardens	Sansevieria	2	264	L	1607704146	
Big Thief	Two Hands	Shoulders	6	193	L	1607704411	
Iglooghost, Babii	Clear Tamei	Shrine Hacker	5	464	L	1607704604	
Long Arm	Silent Opera	Silent Opera	2	303	L	1607705072	
Green-House	Six Songs for Invisible Gardens	Soft Meadow	5	328	L	1607705372	
Kali Malone	The Sacrificial Code	Spectacle of Ritual	1	654	L	1607705700	
Long Arm	Silent Opera	Sprouts Of The Big Forest	3	314	L	1607706354	
LSD and the Search for God	LSD and the Search for God	Starshine	5	319	L	1607706668	
LSD and the Search for God	LSD and the Search for God	Starting Over	4	304	L	1607706988	
PDP	Floating Dream // VINYL IMPORT [LIMITED!]	Still Remember	10	145	L	1607707292	
JPEGMAFIA	Black Ben Carson	The 27 Club	16	313	L	1607707437	
If These Trees Could Talk	Red Forest	The First Fire	2	390	L	1607707751	
If These Trees Could Talk	Red Forest	The Gift of Two Rivers	5	71	L	1607708141	
Big Thief	Two Hands	The Toy	3	256	L	1607708213	
If These Trees Could Talk	Red Forest	They Speak With Knives	4	340	L	1607708469	
JPEGMAFIA	Black Ben Carson	This That Shit Kid Cudi Coulda Been (Feat. Dylijens)	19	267	L	1607708810	
LSD and the Search for God	LSD and the Search for God	This Time	1	198	L	1607709077	
Big Thief	Two Hands	Those Girls	5	187	L	1607709276	
JPEGMAFIA	All My Heroes Are Cornballs	Thot Tactics	12	170	L	1607709463	
JPEGMAFIA	Veteran	Thug Tears	3	198	L	1607709633	
Long Arm	Silent Opera	Time Waits For No One	5	290	L	1607709832	
JPEGMAFIA	Black Ben Carson	Try Me	22	325	L	1607710122	
Big Thief	Two Hands	Two Hands	4	232	L	1607710447	
Long Arm	Silent Opera	Unlearned Lesson	8	434	L	1607710679	
Long Arm	Silent Opera	Wait For A Wonder!	4	234	L	1607711113	
JPEGMAFIA	Black Ben Carson	What's Crackin' Pt. 1 & 2	11	304	L	1607711348	
If These Trees Could Talk	Red Forest	When the Big Hand Buries the Twelve	9	578	L	1607711653	
JPEGMAFIA	Veteran	Whole Foods	13	124	L	1607712231	
JPEGMAFIA	Veteran	Williamsburg	15	212	L	1607712355	
Big Thief	Two Hands	Wolf	8	282	L	1607712568	
Green-House	Six Songs for Invisible Gardens	Xylem	6	321	L	1607712850	
JPEGMAFIA	Black Ben Carson	You Think You Know	6	203	L	1607713171	
tricot	真っ黒 (Makkuro)	あふれる	3	234	L	1607713374	
tricot	真っ黒 (Makkuro)	なか	8	271	L	1607713609	
tricot	真っ黒 (Makkuro)	みてて	4	198	L	1607713881	
tricot	真っ黒 (Makkuro)	ブームに乗って [bonus track]	13	255	L	1607714080	
tricot	真っ黒 (Makkuro)	ワンシーズン	9	236	L	1607714335	
tricot	真っ黒 (Makkuro)	低速道路	6	135	L	1607714571	
tricot	真っ黒 (Makkuro)	危なくなく無い街へ	10	314	L	1607714707	
tricot	真っ黒 (Makkuro)	右脳左脳	2	207	L	1607715021	
tricot	真っ黒 (Makkuro)	混ぜるな危険	1	93	L	1607715228	
tricot	真っ黒 (Makkuro)	真っ白	11	72	L	1607715322	
tricot	真っ黒 (Makkuro)	真っ黒	12	228	L	1607715394	
tricot	真っ黒 (Makkuro)	秘蜜	5	276	L	1607715622	
tricot	真っ黒 (Makkuro)	順風満帆	7	258	L	1607715899	
Yuzo Koshiro	Actraiser	Opening		131	L	1608187886	
Yuzo Koshiro	Actraiser	Sky Palast		116	L	1608188020	
Yuzo Koshiro	Actraiser	Descent		11	S	1608188132	
Yuzo Koshiro	Actraiser	Fillmoa		106	S	1608188134	
Green-House	Six Songs for Invisible Gardens	Peperomia Seedling	1	223	L	1608188187	
Green-House	Six Songs for Invisible Gardens	Sansevieria	2	264	L	1608188415	
Green-House	Six Songs for Invisible Gardens	Parlor Palm	3	335	L	1608188680	
Green-House	Six Songs for Invisible Gardens	Perennial Bloom	4	163	L	1608189015	
Green-House	Six Songs for Invisible Gardens	Soft Meadow	5	328	L	1608189178	
Green-House	Six Songs for Invisible Gardens	Xylem	6	321	L	1608189506	
XXYYXX	Mystify	Living Together	1	185	L	1608190336	7947725f-fccd-4918-88a8-6d59434129cf
XXYYXX	Mystify	Mystify	2	180	S	1608190523	0642ed13-96ee-427f-8d97-ea704edc74fa
XXYYXX	Mystify	LSD Dream Theatre	3	262	L	1608190609	a052587f-fcdc-46f0-a119-923ed24fab4b
XXYYXX	Mystify	LUV U GRL, Part 2	4	202	L	1608190873	0bed0837-3b6a-4f8c-a030-e50e48603736
XXYYXX	Mystify	Sencha	5	96	L	1608191075	18dce5da-8104-46ab-94df-9f7125911dbe
XXYYXX	Mystify	Bill Gates	6	204	L	1608191171	336e2a95-ad33-473a-b2af-2f72ef699b4e
Against All Logic	2017 - 2019	Fantasy	1	311	L	1608194443	316d6b01-dbea-48a7-8ac7-c1084b066336
Against All Logic	2017 - 2019	If Loving You Is Wrong	2	236	L	1608194761	0c53e2be-8a3c-4ba5-9880-22c1a44b0500
Against All Logic	2017 - 2019	With an Addict	3	424	L	1608194998	574300b9-768b-4312-9b3d-4b229b46e2c4
alyssa kai	contingency	waking ablaze	1	187	L	1613420242	
alyssa kai	contingency	cardinal virtues	2	225	L	1613420432	
alyssa kai	contingency	mood stabilizers	3	195	L	1613420657	
alyssa kai	contingency	exegetical heretical	4	135	L	1613420853	
alyssa kai	contingency	u-hauling	5	157	S	1613420988	
JPEGMAFIA	EP2!	LAST DANCE!	1	137	L	1616924299	
JPEGMAFIA	EP2!	FIX URSELF!	2	230	L	1616924492	
JPEGMAFIA	EP2!	KELTEC!	3	184	L	1616924723	
JPEGMAFIA	EP2!	THIS ONES FOR US!	4	183	L	1616924907	
JPEGMAFIA	EP2!	PANIC ROOM!	5	148	L	1616925090	
JPEGMAFIA	EP2!	FEED HER!	6	176	L	1616925238	
Yuzo Koshiro	Actraiser	Opening		131	S	946994845	
Against All Logic	2017 - 2019	Fantasy	1	311	L	962790469	316d6b01-dbea-48a7-8ac7-c1084b066336
Dirty Art Club	Basement Seance	Queen Persephone	1	238	S	962790706	c894c15a-319a-4774-bb5d-08f1747eac7c
NxxxxxS	FORMATTED EXCESS	I Have To Work On My Script	1	164	S	962790767	
NxxxxxS	synthetic corporation	synthetic corp.	1	223	S	962790784	
THØTCRIME	ønyøurcømputer	Don't Talk To Me Until I've Vored My Morning Coffee	1	92	S	962790799	
식료품groceries	슈퍼마켓Yes! We’re Open	Intrance (Realities)	1	115	S	962790817	
식료품groceries	슈퍼마켓Yes! We’re Open	Aisle 1 (Earth Tones, Rectangles, and Fake Plants)	2	165	S	962790846	
식료품groceries	슈퍼마켓Yes! We’re Open	Intrance (Realities)	1	115	S	962790848	
XXYYXX	XXYYXX	DMT	6	260	S	962790868	4aebfb8d-8eb7-4ab7-a9d5-01fbd194a346
leon chang	bird world	main menu	1	127	L	962790886	
식료품groceries	슈퍼마켓Yes! We’re Open	Intrance (Realities)	1	115	L	962790992	
식료품groceries	슈퍼마켓Yes! We’re Open	Aisle 1 (Earth Tones, Rectangles, and Fake Plants)	2	165	L	962791109	
식료품groceries	슈퍼마켓Yes! We’re Open	Aisle 2 (Parallel Lines, Oscillating Fans, and Public-Access Broadcasting)	3	166	L	962791274	
식료품groceries	슈퍼마켓Yes! We’re Open	Aisle 3 (Summits, Clouds, and Greener Grass)	4	166	L	962791440	
식료품groceries	슈퍼마켓Yes! We’re Open	Aisle 4 (Hairstyles, Power-Ups, and Magnetic Tape)	5	205	L	962791607	
식료품groceries	슈퍼마켓Yes! We’re Open	Aisle 5 (Moonlight, Urban Skylines, and Rapid Eye Movement)	6	199	L	962791812	
식료품groceries	슈퍼마켓Yes! We’re Open	Interlude (Lost in the Freezer Section)	7	154	L	962792011	
식료품groceries	슈퍼마켓Yes! We’re Open	Aisle 6 (Memories, Regrets, and Wishes)	8	155	L	962792166	
식료품groceries	슈퍼마켓Yes! We’re Open	Aisle 7 (Sailboats, Forecasts, and Room Keys)	9	140	L	962792321	
식료품groceries	슈퍼마켓Yes! We’re Open	Aisle 8 (Drink Specials, Warm Evenings, and Rooftop Views)	10	154	L	962792462	
LSD and the Search for God	LSD and the Search for God	This Time	1	198	S	962792575	
NxxxxxS	BLOOD RAGE (Limited Edition 12" Vinyl)	Blood Rage	1	139	L	962792601	
NxxxxxS	BLOOD RAGE (Limited Edition 12" Vinyl)	Pay Your Dues feat. Freddie Dredd	2	151	L	962792750	
NxxxxxS	BLOOD RAGE (Limited Edition 12" Vinyl)	GOTTOGETIT	3	96	L	962792901	
NxxxxxS	BLOOD RAGE (Limited Edition 12" Vinyl)	HITTHEBLUNT	4	154	L	962792997	
NxxxxxS	BLOOD RAGE (Limited Edition 12" Vinyl)	Evil Spirits Pt. 1	5	141	L	962793152	
NxxxxxS	BLOOD RAGE (Limited Edition 12" Vinyl)	TIME2DIE!!!	6	120	L	962793293	
NxxxxxS	BLOOD RAGE (Limited Edition 12" Vinyl)	What Would I Do, Without You	7	143	L	962793413	
NxxxxxS	BLOOD RAGE (Limited Edition 12" Vinyl)	CAKE	8	188	L	962793557	
NxxxxxS	BLOOD RAGE (Limited Edition 12" Vinyl)	I Can't Even Move	9	166	L	962793745	
NxxxxxS	BLOOD RAGE (Limited Edition 12" Vinyl)	GREED	10	102	L	962793911	
NxxxxxS	BLOOD RAGE (Limited Edition 12" Vinyl)	Shoot It In The Head	11	121	L	962794013	
NxxxxxS	BLOOD RAGE (Limited Edition 12" Vinyl)	Water Wind Analysis (WWA)	12	140	L	962794135	
NxxxxxS	BLOOD RAGE (Limited Edition 12" Vinyl)	Evil Spirits Pt. 2	13	78	L	962794275	
NxxxxxS	BLOOD RAGE (Limited Edition 12" Vinyl)	Watch Yo Back feat. Dj MoneyFlippin	14	163	L	962794353	
NxxxxxS	BLOOD RAGE (Limited Edition 12" Vinyl)	One Way Ticket feat. Fiend	15	129	L	962794517	
NxxxxxS	BLOOD RAGE (Limited Edition 12" Vinyl)	STALK feat. Arthrn	16	73	L	962794646	
NxxxxxS	BLOOD RAGE (Limited Edition 12" Vinyl)	HEAT	17	127	L	962794720	
NxxxxxS	BLOOD RAGE (Limited Edition 12" Vinyl)	KILL ZONE feat. Soudiere	18	137	L	962794848	
NxxxxxS	BLOOD RAGE (Limited Edition 12" Vinyl)	STALK feat. Saint DX (Bonus)	19	199	L	962794985	
Kali Malone	The Sacrificial Code	Spectacle of Ritual	1	654	L	962795638	
Kali Malone	The Sacrificial Code	Sacrificial Code	2	329	L	962796298	
Kali Malone	The Sacrificial Code	Rose Wreath Crown (for C.W.)	3	627	L	962796628	
j^p^n	[ miracle ]	never. []	1	85	L	962797343	
j^p^n	[ miracle ]	ire. []	2	168	L	962797461	
j^p^n	[ miracle ]	shiv. []	3	172	L	962797624	
j^p^n	[ miracle ]	elle. []	4	150	L	962797796	
j^p^n	[ miracle ]	standby. []	5	101	L	962797947	
j^p^n	[ miracle ]	thyme. []	6	175	L	962798048	
j^p^n	[ miracle ]	garand. []	7	164	L	962798224	
j^p^n	[ miracle ]	evade. []	8	112	L	962798388	
j^p^n	[ miracle ]	orchid. []	9	117	L	962798500	
j^p^n	[ miracle ]	restless. []	10	182	L	962798617	
j^p^n	[ miracle ]	contort. []	11	115	L	962798800	
j^p^n	[ miracle ]	sanct. []	12	68	L	962798918	
j^p^n	[ miracle ]	folly. []	13	182	L	962798989	
j^p^n	[ miracle ]	stumble. []	14	151	L	962799172	
j^p^n	[ miracle ]	fritz. []	15	164	L	962799323	
j^p^n	[ miracle ]	junebug. []	16	128	L	962799487	
j^p^n	[ miracle ]	ohso. []	17	127	L	962799616	
j^p^n	[ miracle ]	mind. []	18	168	L	962799743	
j^p^n	[ miracle ]	sill. []	19	130	L	962799912	
j^p^n	[ miracle ]	hangup. []	20	234	L	962800043	
j^p^n	[ miracle ]	cascade. []	21	163	L	962800277	
j^p^n	[ miracle ]	guilt. []	22	211	L	962800440	
j^p^n	[ miracle ]	rend. []	23	126	L	962800652	
j^p^n	[ miracle ]	never. []	1	85	S	966841469	
Long Arm	Silent Opera	How I Loved That	1	223	S	966841506	
Long Arm	Silent Opera	How I Loved That	1	223	S	966841558	
Long Arm	Silent Opera	How I Loved That	1	223	S	966841574	
Long Arm	Silent Opera	How I Loved That	1	223	S	966841577	
Long Arm	Silent Opera	How I Loved That	1	223	S	966841578	
Long Arm	Silent Opera	How I Loved That	1	223	S	966841580	
Long Arm	Silent Opera	How I Loved That	1	223	S	966841582	
Long Arm	Silent Opera	How I Loved That	1	223	S	966841589	
Long Arm	Silent Opera	How I Loved That	1	223	S	966841589	
Long Arm	Silent Opera	How I Loved That	1	223	S	966841589	
Long Arm	Silent Opera	How I Loved That	1	223	S	966841592	
Long Arm	Silent Opera	How I Loved That	1	223	S	966841593	
NxxxxxS	BLOOD RAGE (Limited Edition 12" Vinyl)	Blood Rage	1	139	S	966841627	
Kazumasa Hashimoto	strangeness	Daylight Hallucination	1	263	L	986464719	
Kazumasa Hashimoto	strangeness	Black Woodbine	2	288	L	986464984	
Kazumasa Hashimoto	strangeness	Slow Motion	3	226	L	986465272	
Kazumasa Hashimoto	strangeness	Echoes and Stars	4	255	L	986465499	
Kazumasa Hashimoto	strangeness	Lake	5	176	S	986465754	
Ursula K. Le Guin	The Left Hand of Darkness	The Left Hand of Darkness		34803	S	986465779	
Ursula K. Le Guin	The Left Hand of Darkness	The Left Hand of Darkness		34803	S	986465803	
tricot	真っ黒 (Makkuro)	混ぜるな危険	1	93	L	986466599	
tricot	真っ黒 (Makkuro)	右脳左脳	2	207	L	986466695	
tricot	真っ黒 (Makkuro)	あふれる	3	234	L	986466902	
tricot	真っ黒 (Makkuro)	みてて	4	198	L	986467137	
tricot	真っ黒 (Makkuro)	秘蜜	5	276	L	986467336	
tricot	真っ黒 (Makkuro)	低速道路	6	135	L	986467612	
tricot	真っ黒 (Makkuro)	順風満帆	7	258	L	986467748	
tricot	真っ黒 (Makkuro)	なか	8	271	L	986468007	
tricot	真っ黒 (Makkuro)	ワンシーズン	9	236	L	986468278	
XXYYXX	XXYYXX	About You	1	247	S	986468504	
Dirty Art Club	Hexes	Black Acid	1	179	L	986468529	f8e43a71-b8ce-4395-b9eb-bd389b02286b
Dirty Art Club	Hexes	Full Metal Jacket	2	128	L	986468710	3ba02b59-44f4-4c73-8176-8c18e3cbcfa6
Dirty Art Club	Hexes	Hexes	3	180	S	986468839	2cda040a-cfeb-41cb-9a97-21fa426b9d0a
If These Trees Could Talk	Red Forest	Breath of Life	1	108	S	986468959	
Long Arm	Silent Opera	How I Loved That	1	223	L	986468977	
Long Arm	Silent Opera	Silent Opera	2	303	L	986469202	
Long Arm	Silent Opera	Sprouts Of The Big Forest	3	314	L	986469505	
Long Arm	Silent Opera	Wait For A Wonder!	4	234	L	986469819	
Long Arm	Silent Opera	Time Waits For No One	5	290	L	986470054	
Long Arm	Silent Opera	He's Afraid To Eat	6	407	L	986470344	
Long Arm	Silent Opera	Falling Piano / Fly Alone	7	327	L	986470752	
Long Arm	Silent Opera	Unlearned Lesson	8	434	L	986471080	
PDP	Floating Dream // VINYL IMPORT [LIMITED!]	Hush	1	48	L	986472428	
PDP	Floating Dream // VINYL IMPORT [LIMITED!]	Goodbye For Now	2	113	L	986472479	
PDP	Floating Dream // VINYL IMPORT [LIMITED!]	Floating Dream	3	138	L	986472592	
PDP	Floating Dream // VINYL IMPORT [LIMITED!]	Journey Part II (Nujabes Tribute)	4	198	L	986472731	
PDP	Floating Dream // VINYL IMPORT [LIMITED!]	Never Sleep	5	145	L	986472929	
PDP	Floating Dream // VINYL IMPORT [LIMITED!]	Not Far	6	188	S	986473075	
Chrome Sparks	Sparks EP	Your Planet	1	271	L	986473121	dee16896-0153-4e5b-997a-b8d5e9b4cd5b
Chrome Sparks	Sparks EP	Marijuana	2	181	L	986473395	aa6a2582-b3f2-44ca-b31d-76259223c96d
Chrome Sparks	Sparks EP	Cosmic Claps of Love	3	316	L	986473576	dc42635b-2c21-4747-b817-3bc5775feacb
Chrome Sparks	Sparks EP	Send the Pain On	4	337	L	986473892	8bc5059f-f2fa-4ad7-9c2a-901c0840d37c
Chrome Sparks	Sparks EP	Gates to Heaven	5	285	L	986474230	1b4ba3e2-82b7-4c0e-9287-b6e644619fe8
Chrome Sparks	Sparks EP	Luna Luxor	6	256	L	986474515	68cd714e-ab0a-4125-9c3e-1d1b79cdb8ef
alyssa kai	contingency	waking ablaze	1	187	L	986474858	
alyssa kai	contingency	cardinal virtues	2	225	L	986475049	
alyssa kai	contingency	mood stabilizers	3	195	L	986475275	
alyssa kai	contingency	exegetical heretical	4	135	L	986475470	
alyssa kai	contingency	u-hauling	5	157	L	986475606	
alyssa kai	contingency	gray area	6	246	L	986475763	
alyssa kai	contingency	shortest route	7	138	L	986476008	
alyssa kai	contingency	queen of hell	8	289	L	986476148	
alyssa kai	contingency	sleep patterns	9	216	L	986476438	
alyssa kai	contingency	ambient noise	10	105	L	986476654	
alyssa kai	contingency	subway systems	11	180	L	986476759	
Knxwledge.	VGM.26	1. begud	1	88	S	986490697	
Albert Camus	The Myth of Sisyphus	1		2104	S	986490731	
Ursula K. Le Guin	The Left Hand of Darkness	The Left Hand of Darkness		34803	S	986490773	
Against All Logic	2017 - 2019	Fantasy	1	311	S	986490831	316d6b01-dbea-48a7-8ac7-c1084b066336
Against All Logic	2017 - 2019	Fantasy	1	311	S	986490854	316d6b01-dbea-48a7-8ac7-c1084b066336
Against All Logic	2017 - 2019	Fantasy	1	311	L	986490941	316d6b01-dbea-48a7-8ac7-c1084b066336
Against All Logic	2017 - 2019	If Loving You Is Wrong	2	236	S	986491176	0c53e2be-8a3c-4ba5-9880-22c1a44b0500
Against All Logic	2017 - 2019	If Loving You Is Wrong	2	236	S	986510342	0c53e2be-8a3c-4ba5-9880-22c1a44b0500
Ursula K. Le Guin	The Left Hand of Darkness	5		2912	L	986561006	
Ursula K. Le Guin	The Left Hand of Darkness	6		1925	L	986563920	
Ursula K. Le Guin	The Left Hand of Darkness	7		955	S	986565845	
Knxwledge.	VGM.26	3. onegame	3	90	L	986566634	
tricot	真っ黒 (Makkuro)	混ぜるな危険	1	93	L	986648227	
tricot	真っ黒 (Makkuro)	右脳左脳	2	207	L	986648322	
tricot	真っ黒 (Makkuro)	あふれる	3	234	L	986648529	
tricot	真っ黒 (Makkuro)	みてて	4	198	S	986648764	
NxxxxxS	Fujita Scale - Vinyl Reissue	Fujita Scale	1	282	L	986648812	
NxxxxxS	Fujita Scale - Vinyl Reissue	Extratropical Cyclone	2	306	L	986649101	
NxxxxxS	Fujita Scale - Vinyl Reissue	Adventure Time	3	262	L	986649408	
NxxxxxS	Fujita Scale - Vinyl Reissue	Potential Weather	4	269	S	986649670	
Iglooghost	Clear Tamei	Påleo Mamu	1	38	L	986649722	
Iglooghost	Clear Tamei	New Vectors	2	212	L	986649761	
Iglooghost	Clear Tamei	Clear Tamei	3	262	S	986649974	
Ursula K. Le Guin	The Left Hand of Darkness	7		955	S	986650133	
Ursula K. Le Guin	The Left Hand of Darkness	7		955	S	986650138	
Ursula K. Le Guin	The Left Hand of Darkness	7		955	L	986650162	
Ursula K. Le Guin	The Left Hand of Darkness	8		2778	L	986651062	
Ursula K. Le Guin	The Left Hand of Darkness	9		635	L	986653841	
Ursula K. Le Guin	The Left Hand of Darkness	10		2142	S	986654477	
Ursula K. Le Guin	The Left Hand of Darkness	The Left Hand of Darkness		34803	S	986992477	
Ursula K. Le Guin	The Left Hand of Darkness	10		2142	L	986992521	
Ursula K. Le Guin	The Left Hand of Darkness	11		1532	L	986994686	
Ursula K. Le Guin	The Left Hand of Darkness	12		367	L	986997474	
Ursula K. Le Guin	The Left Hand of Darkness	13		2210	L	986997841	
Lena Raine	Chicory: The Sounds of Picnic Province	The Outskirts of Luncheon	1	133	L	987045807	
Lena Raine	Chicory: The Sounds of Picnic Province	Lost in Supper Woods	2	100	L	987045942	
Lena Raine	Chicory: The Sounds of Picnic Province	Peering into Potluck	3	123	L	987046043	
Lena Raine	Chicory: The Sounds of Picnic Province	A Stroll Through Appie Foothills	4	101	L	987046166	
Lena Raine	Chicory: The Sounds of Picnic Province	Indoors at Elevenses	5	144	L	987046267	
Lena Raine	Chicory: The Sounds of Picnic Province	Dipping Your Feet in Sips River	6	179	L	987046412	
Lena Raine	Chicory: The Sounds of Picnic Province	Stuck in Gulp Swamp	7	190	L	987046591	
Lena Raine	Chicory: The Sounds of Picnic Province	Lingering With Seeds of Doubt	8	134	L	987046782	
Lena Raine	Chicory: The Sounds of Picnic Province	The Alleys and Rooftops of Dinners	9	139	L	987046917	
Lena Raine	Chicory: The Sounds of Picnic Province	The Slice Shop	10	121	L	987047056	
Lena Raine	Chicory: The Sounds of Picnic Province	Singing in Teatime Meadows	11	148	L	987047177	
Lena Raine	Chicory: The Sounds of Picnic Province	Buzzing Around Feast	12	126	L	987047325	
Lena Raine	Chicory: The Sounds of Picnic Province	Under an Umbrella in Banquet Rainforest	13	169	L	987047452	
Lena Raine	Chicory: The Sounds of Picnic Province	The View From Dessert Mountain	14	104	L	987047621	
Lena Raine	Chicory: The Sounds of Picnic Province	Sleuthing Around Simmer Springs	15	149	L	987047725	
Lena Raine	Chicory: The Sounds of Picnic Province	Soaking on Spoons Island	16	134	L	987047875	
Lena Raine	Chicory: The Sounds of Picnic Province	Watching the Waves at Brekkie	17	162	L	987048009	
Lena Raine	Chicory: The Sounds of Picnic Province	The Distant Dark Forest	18	124	L	987048171	
Lena Raine	Chicory: The Sounds of Picnic Province	Coming Home to Luncheon	19	141	L	987048296	
Sufjan Stevens	Javelin	Goodbye Evergreen	1	215	L	987048884	
Sufjan Stevens	Javelin	A Running Start	2	261	L	987049121	
Sufjan Stevens	Javelin	Will Anybody Ever Love Me?	3	249	L	987049382	
Sufjan Stevens	Javelin	Everything That Rises	4	299	L	987049631	
Sufjan Stevens	Javelin	Genuflecting Ghost	5	212	L	987049931	
Sufjan Stevens	Javelin	My Red Little Fox	6	222	L	987050144	
Sufjan Stevens	Javelin	So You Are Tired	7	289	L	987050367	
Sufjan Stevens	Javelin	Javelin (To Have And To Hold)	8	112	L	987050657	
Sufjan Stevens	Javelin	Shit Talk	9	511	L	987050769	
Sufjan Stevens	Javelin	There's A World	10	149	L	987051281	
Sufjan Stevens	Javelin	Goodbye Evergreen	1	215	L	987052656	
Sufjan Stevens	Javelin	A Running Start	2	261	L	987052892	
Sufjan Stevens	Javelin	Will Anybody Ever Love Me?	3	249	L	987053153	
Sufjan Stevens	Javelin	Everything That Rises	4	299	L	987053403	
Sufjan Stevens	Javelin	Genuflecting Ghost	5	212	L	987053702	
Sufjan Stevens	Javelin	My Red Little Fox	6	222	L	987053915	
Sufjan Stevens	Javelin	So You Are Tired	7	289	L	987054138	
Sufjan Stevens	Javelin	Javelin (To Have And To Hold)	8	112	L	987054428	
Sufjan Stevens	Javelin	Shit Talk	9	511	L	987054541	
Sufjan Stevens	Javelin	There's A World	10	149	L	987055052	
